1 (40)
2 (40)
3 (40)
5 (40)
6 (40)
8 (24)
9 (28)
1 8 (24)
1 9 (28)
6 8 (24)
6 9 (28)
2 3 (40)
2 6 (40)
2 5 (40)
2 8 (24)
2 9 (28)
3 5 (40)
1 2 (40)
5 9 (28)
1 3 (40)
5 8 (24)
3 9 (28)
1 5 (40)
3 8 (24)
5 6 (40)
1 6 (40)
3 6 (40)
1 6 8 (24)
3 6 8 (24)
2 6 8 (24)
1 2 6 (40)
5 6 8 (24)
1 2 8 (24)
2 5 9 (28)
1 3 6 (40)
1 5 9 (28)
2 3 6 (40)
3 5 9 (28)
1 3 8 (24)
2 3 8 (24)
1 6 9 (28)
3 6 9 (28)
1 2 3 (40)
2 6 9 (28)
1 2 5 (40)
5 6 9 (28)
1 2 9 (28)
1 3 5 (40)
3 5 6 (40)
2 5 8 (24)
2 3 5 (40)
1 3 9 (28)
1 5 8 (24)
2 3 9 (28)
3 5 8 (24)
2 5 6 (40)
1 5 6 (40)
1 5 6 8 (24)
2 3 6 9 (28)
2 5 6 9 (28)
3 5 6 8 (24)
1 2 3 9 (28)
1 3 5 8 (24)
1 2 5 8 (24)
1 3 5 6 (40)
1 2 5 6 (40)
2 3 5 9 (28)
1 2 3 5 (40)
1 3 6 8 (24)
1 2 6 8 (24)
2 5 6 8 (24)
2 3 6 8 (24)
3 5 6 9 (28)
1 2 5 9 (28)
1 3 5 9 (28)
2 3 5 6 (40)
1 2 3 8 (24)
2 3 5 8 (24)
1 2 3 6 (40)
1 2 6 9 (28)
1 5 6 9 (28)
1 3 6 9 (28)
1 3 5 6 9 (28)
1 3 5 6 8 (24)
1 2 3 5 6 (40)
1 2 3 5 9 (28)
1 2 3 5 8 (24)
1 2 3 6 9 (28)
1 2 5 6 9 (28)
2 3 5 6 8 (24)
2 3 5 6 9 (28)
1 2 5 6 8 (24)
1 2 3 6 8 (24)
1 2 3 5 6 8 (24)
1 2 3 5 6 9 (28)
