1 (811)
2 (811)
3 (811)
5 (811)
6 (811)
8 (619)
1 8 (619)
6 8 (619)
2 3 (811)
2 6 (811)
2 5 (811)
2 8 (619)
3 5 (811)
1 2 (811)
1 3 (811)
5 8 (619)
1 5 (811)
3 8 (619)
5 6 (811)
1 6 (811)
3 6 (811)
1 6 8 (619)
3 6 8 (619)
1 2 3 (811)
1 2 5 (811)
2 6 8 (619)
1 2 6 (811)
5 6 8 (619)
1 2 8 (619)
1 3 5 (811)
3 5 6 (811)
2 5 8 (619)
1 3 6 (811)
2 3 5 (811)
1 5 8 (619)
2 3 6 (811)
3 5 8 (619)
1 3 8 (619)
2 3 8 (619)
2 5 6 (811)
1 5 6 (811)
1 5 6 8 (619)
2 5 6 8 (619)
2 3 6 8 (619)
3 5 6 8 (619)
1 3 5 8 (619)
1 2 5 8 (619)
1 3 5 6 (811)
2 3 5 6 (811)
1 2 3 8 (619)
1 2 5 6 (811)
2 3 5 8 (619)
1 2 3 6 (811)
1 2 3 5 (811)
1 3 6 8 (619)
1 2 6 8 (619)
1 3 5 6 8 (619)
1 2 3 5 6 (811)
2 3 5 6 8 (619)
1 2 5 6 8 (619)
1 2 3 6 8 (619)
1 2 3 5 8 (619)
1 2 3 5 6 8 (619)
