2 (9882)
5 (9882)
6 (9882)
43 (7847)
44 (6617)
45 (6640)
44 45 (6616)
2 6 (9882)
5 44 (6617)
2 5 (9882)
5 45 (6640)
5 43 (7847)
2 45 (6640)
6 45 (6640)
2 44 (6617)
6 44 (6617)
2 43 (7847)
6 43 (7847)
5 6 (9882)
43 44 (6617)
43 45 (6623)
2 5 43 (7847)
5 6 43 (7847)
5 6 45 (6640)
6 43 45 (6623)
5 6 44 (6617)
6 43 44 (6617)
43 44 45 (6616)
2 6 45 (6640)
2 6 43 (7847)
2 6 44 (6617)
2 43 45 (6623)
2 43 44 (6617)
5 43 44 (6617)
6 44 45 (6616)
5 43 45 (6623)
2 44 45 (6616)
5 44 45 (6616)
2 5 45 (6640)
2 5 6 (9882)
2 5 44 (6617)
2 6 44 45 (6616)
2 43 44 45 (6616)
5 6 43 44 (6617)
5 6 43 45 (6623)
2 5 44 45 (6616)
2 6 43 44 (6617)
2 6 43 45 (6623)
2 5 6 44 (6617)
2 5 6 45 (6640)
5 43 44 45 (6616)
2 5 6 43 (7847)
2 5 43 45 (6623)
5 6 44 45 (6616)
2 5 43 44 (6617)
6 43 44 45 (6616)
2 5 43 44 45 (6616)
2 6 43 44 45 (6616)
2 5 6 44 45 (6616)
2 5 6 43 44 (6617)
2 5 6 43 45 (6623)
5 6 43 44 45 (6616)
2 5 6 43 44 45 (6616)
