1 (77)
2 (77)
3 (77)
5 (77)
6 (77)
8 (77)
9 (59)
10 (59)
1 8 (77)
6 8 (77)
8 9 (59)
2 6 (77)
2 8 (77)
3 5 (77)
1 2 (77)
1 10 (59)
5 8 (77)
3 9 (59)
5 6 (77)
1 6 (77)
1 9 (59)
6 9 (59)
2 3 (77)
3 10 (59)
8 10 (59)
2 5 (77)
2 9 (59)
5 10 (59)
2 10 (59)
6 10 (59)
5 9 (59)
9 10 (59)
1 3 (77)
1 5 (77)
3 8 (77)
3 6 (77)
5 6 10 (59)
6 9 10 (59)
8 9 10 (59)
1 2 8 (77)
1 6 10 (59)
2 9 10 (59)
2 5 9 (59)
1 5 9 (59)
3 5 9 (59)
1 3 8 (77)
2 3 8 (77)
1 2 10 (59)
2 5 10 (59)
1 6 9 (59)
1 5 10 (59)
1 8 10 (59)
3 6 9 (59)
1 2 3 (77)
5 6 9 (59)
6 8 10 (59)
1 3 10 (59)
3 5 6 (77)
2 5 8 (77)
3 6 10 (59)
2 3 5 (77)
2 3 9 (59)
1 5 6 (77)
5 9 10 (59)
2 8 9 (59)
1 6 8 (77)
3 8 9 (59)
1 8 9 (59)
3 9 10 (59)
6 8 9 (59)
3 6 8 (77)
5 8 9 (59)
2 6 10 (59)
2 6 8 (77)
1 2 6 (77)
5 6 8 (77)
1 9 10 (59)
1 3 6 (77)
2 3 6 (77)
3 8 10 (59)
2 8 10 (59)
3 5 10 (59)
2 6 9 (59)
1 2 5 (77)
5 8 10 (59)
1 2 9 (59)
2 3 10 (59)
1 3 5 (77)
1 3 9 (59)
1 5 8 (77)
3 5 8 (77)
2 5 6 (77)
3 5 8 9 (59)
1 2 5 10 (59)
2 5 9 10 (59)
3 5 6 8 (77)
3 5 6 10 (59)
3 6 8 9 (59)
1 2 3 9 (59)
1 8 9 10 (59)
3 6 9 10 (59)
6 8 9 10 (59)
1 3 5 6 (77)
1 2 5 6 (77)
1 3 8 10 (59)
1 2 3 5 (77)
3 6 8 10 (59)
1 3 9 10 (59)
1 5 6 10 (59)
2 6 8 9 (59)
1 5 9 10 (59)
2 6 8 10 (59)
2 5 6 8 (77)
2 3 6 8 (77)
1 3 5 9 (59)
2 3 9 10 (59)
1 2 3 8 (77)
1 6 8 10 (59)
2 3 5 8 (77)
3 8 9 10 (59)
5 6 8 9 (59)
1 5 6 9 (59)
1 3 6 10 (59)
1 3 6 9 (59)
1 5 6 8 (77)
5 8 9 10 (59)
2 3 6 9 (59)
2 8 9 10 (59)
2 5 6 9 (59)
1 3 5 10 (59)
3 5 8 10 (59)
5 6 9 10 (59)
1 3 5 8 (77)
2 3 6 10 (59)
1 2 5 8 (77)
2 3 5 9 (59)
3 5 9 10 (59)
1 2 8 10 (59)
2 5 6 10 (59)
2 6 9 10 (59)
1 2 6 8 (77)
1 3 6 8 (77)
1 2 8 9 (59)
1 5 8 9 (59)
1 3 8 9 (59)
1 6 8 9 (59)
2 5 8 9 (59)
5 6 8 10 (59)
2 5 8 10 (59)
1 2 9 10 (59)
2 3 8 9 (59)
2 3 8 10 (59)
3 5 6 9 (59)
1 6 9 10 (59)
1 5 8 10 (59)
1 2 5 9 (59)
2 3 5 6 (77)
1 2 3 6 (77)
1 2 6 10 (59)
2 3 5 10 (59)
1 2 6 9 (59)
1 2 3 10 (59)
1 3 5 6 10 (59)
3 5 6 8 9 (59)
2 3 6 8 10 (59)
1 3 8 9 10 (59)
1 5 6 8 9 (59)
1 2 3 5 8 (77)
1 2 3 5 10 (59)
1 3 6 8 10 (59)
1 2 3 8 9 (59)
1 2 5 9 10 (59)
1 2 3 9 10 (59)
1 2 6 8 9 (59)
1 2 5 8 9 (59)
2 3 5 6 10 (59)
1 2 6 8 10 (59)
1 2 5 6 8 (77)
1 2 3 6 8 (77)
2 3 6 9 10 (59)
3 5 8 9 10 (59)
1 2 3 5 9 (59)
3 5 6 8 10 (59)
1 2 3 6 9 (59)
2 3 5 8 10 (59)
1 2 8 9 10 (59)
1 3 6 8 9 (59)
1 2 5 6 9 (59)
2 3 5 6 8 (77)
1 3 6 9 10 (59)
2 3 6 8 9 (59)
1 3 5 6 8 (77)
1 3 5 9 10 (59)
2 5 6 8 9 (59)
3 6 8 9 10 (59)
1 2 3 5 6 (77)
1 2 6 9 10 (59)
1 5 8 9 10 (59)
2 5 6 8 10 (59)
1 3 5 8 10 (59)
1 2 3 6 10 (59)
1 5 6 9 10 (59)
2 3 5 6 9 (59)
1 3 5 6 9 (59)
2 6 8 9 10 (59)
3 5 6 9 10 (59)
2 3 5 9 10 (59)
2 3 8 9 10 (59)
1 2 5 8 10 (59)
5 6 8 9 10 (59)
1 2 5 6 10 (59)
1 5 6 8 10 (59)
1 2 3 8 10 (59)
2 5 8 9 10 (59)
1 3 5 8 9 (59)
1 6 8 9 10 (59)
2 3 5 8 9 (59)
2 5 6 9 10 (59)
2 3 5 6 8 10 (59)
1 2 3 5 8 10 (59)
1 3 5 6 8 10 (59)
1 2 3 5 8 9 (59)
1 2 3 6 8 10 (59)
1 2 5 8 9 10 (59)
1 2 3 6 8 9 (59)
1 2 3 5 6 8 (77)
1 5 6 8 9 10 (59)
1 3 6 8 9 10 (59)
1 2 5 6 9 10 (59)
2 3 5 6 8 9 (59)
1 2 3 6 9 10 (59)
2 5 6 8 9 10 (59)
1 3 5 6 9 10 (59)
1 2 6 8 9 10 (59)
1 2 3 5 9 10 (59)
1 3 5 8 9 10 (59)
1 2 3 8 9 10 (59)
2 3 5 6 9 10 (59)
1 2 3 5 6 9 (59)
1 3 5 6 8 9 (59)
1 2 5 6 8 10 (59)
3 5 6 8 9 10 (59)
2 3 6 8 9 10 (59)
1 2 5 6 8 9 (59)
2 3 5 8 9 10 (59)
1 2 3 5 6 10 (59)
1 2 3 5 6 9 10 (59)
1 2 3 5 6 8 9 (59)
1 2 3 5 6 8 10 (59)
2 3 5 6 8 9 10 (59)
1 2 3 5 8 9 10 (59)
1 2 3 6 8 9 10 (59)
1 2 5 6 8 9 10 (59)
1 3 5 6 8 9 10 (59)
1 2 3 5 6 8 9 10 (59)
